<?xml version="1.0" encoding="UTF-8"?>
<testsuite xmlns:xsi="http://www.w3.org/2001/XMLSchema-instance" xsi:noNamespaceSchemaLocation="https://maven.apache.org/surefire/maven-surefire-plugin/xsd/surefire-test-report.xsd" name="com.mewna.catnip.entity.CodecTest" time="1.548" tests="48" errors="1" skipped="0" failures="0">
  <properties>
    <property name="awt.toolkit" value="sun.awt.X11.XToolkit"/>
    <property name="java.specification.version" value="11"/>
    <property name="sun.cpu.isalist" value=""/>
    <property name="sun.jnu.encoding" value="UTF-8"/>
    <property name="java.class.path" value="/home/napster/10/catnip/target/test-classes:/home/napster/10/catnip/target/classes:/home/napster/.m2/repository/org/projectlombok/lombok/1.18.2/lombok-1.18.2.jar:/home/napster/.m2/repository/org/immutables/value/2.7.4/value-2.7.4.jar:/home/napster/.m2/repository/io/vertx/vertx-core/3.6.3/vertx-core-3.6.3.jar:/home/napster/.m2/repository/io/netty/netty-common/4.1.30.Final/netty-common-4.1.30.Final.jar:/home/napster/.m2/repository/io/netty/netty-buffer/4.1.30.Final/netty-buffer-4.1.30.Final.jar:/home/napster/.m2/repository/io/netty/netty-transport/4.1.30.Final/netty-transport-4.1.30.Final.jar:/home/napster/.m2/repository/io/netty/netty-handler/4.1.30.Final/netty-handler-4.1.30.Final.jar:/home/napster/.m2/repository/io/netty/netty-codec/4.1.30.Final/netty-codec-4.1.30.Final.jar:/home/napster/.m2/repository/io/netty/netty-handler-proxy/4.1.30.Final/netty-handler-proxy-4.1.30.Final.jar:/home/napster/.m2/repository/io/netty/netty-codec-socks/4.1.30.Final/netty-codec-socks-4.1.30.Final.jar:/home/napster/.m2/repository/io/netty/netty-codec-http/4.1.30.Final/netty-codec-http-4.1.30.Final.jar:/home/napster/.m2/repository/io/netty/netty-codec-http2/4.1.30.Final/netty-codec-http2-4.1.30.Final.jar:/home/napster/.m2/repository/io/netty/netty-resolver/4.1.30.Final/netty-resolver-4.1.30.Final.jar:/home/napster/.m2/repository/io/netty/netty-resolver-dns/4.1.30.Final/netty-resolver-dns-4.1.30.Final.jar:/home/napster/.m2/repository/io/netty/netty-codec-dns/4.1.30.Final/netty-codec-dns-4.1.30.Final.jar:/home/napster/.m2/repository/com/fasterxml/jackson/core/jackson-core/2.9.8/jackson-core-2.9.8.jar:/home/napster/.m2/repository/com/fasterxml/jackson/core/jackson-databind/2.9.8/jackson-databind-2.9.8.jar:/home/napster/.m2/repository/com/fasterxml/jackson/core/jackson-annotations/2.9.0/jackson-annotations-2.9.0.jar:/home/napster/.m2/repository/com/squareup/okhttp3/okhttp/3.9.1/okhttp-3.9.1.jar:/home/napster/.m2/repository/com/squareup/okio/okio/1.13.0/okio-1.13.0.jar:/home/napster/.m2/repository/org/slf4j/slf4j-api/1.7.25/slf4j-api-1.7.25.jar:/home/napster/.m2/repository/org/apache/commons/commons-lang3/3.7/commons-lang3-3.7.jar:/home/napster/.m2/repository/com/google/guava/guava/24.1-jre/guava-24.1-jre.jar:/home/napster/.m2/repository/org/checkerframework/checker-compat-qual/2.0.0/checker-compat-qual-2.0.0.jar:/home/napster/.m2/repository/com/google/errorprone/error_prone_annotations/2.1.3/error_prone_annotations-2.1.3.jar:/home/napster/.m2/repository/com/google/j2objc/j2objc-annotations/1.1/j2objc-annotations-1.1.jar:/home/napster/.m2/repository/org/codehaus/mojo/animal-sniffer-annotations/1.14/animal-sniffer-annotations-1.14.jar:/home/napster/.m2/repository/com/google/code/findbugs/jsr305/3.0.2/jsr305-3.0.2.jar:/home/napster/.m2/repository/com/koloboke/koloboke-impl-common-jdk8/1.0.0/koloboke-impl-common-jdk8-1.0.0.jar:/home/napster/.m2/repository/com/koloboke/koloboke-api-jdk8/1.0.0/koloboke-api-jdk8-1.0.0.jar:/home/napster/.m2/repository/org/junit/jupiter/junit-jupiter-api/5.2.0/junit-jupiter-api-5.2.0.jar:/home/napster/.m2/repository/org/apiguardian/apiguardian-api/1.0.0/apiguardian-api-1.0.0.jar:/home/napster/.m2/repository/org/opentest4j/opentest4j/1.1.0/opentest4j-1.1.0.jar:/home/napster/.m2/repository/org/junit/platform/junit-platform-commons/1.2.0/junit-platform-commons-1.2.0.jar:/home/napster/.m2/repository/org/junit/jupiter/junit-jupiter-engine/5.2.0/junit-jupiter-engine-5.2.0.jar:/home/napster/.m2/repository/org/junit/platform/junit-platform-engine/1.2.0/junit-platform-engine-1.2.0.jar:/home/napster/.m2/repository/org/mockito/mockito-core/2.23.4/mockito-core-2.23.4.jar:/home/napster/.m2/repository/net/bytebuddy/byte-buddy/1.9.3/byte-buddy-1.9.3.jar:/home/napster/.m2/repository/net/bytebuddy/byte-buddy-agent/1.9.3/byte-buddy-agent-1.9.3.jar:/home/napster/.m2/repository/org/objenesis/objenesis/2.6/objenesis-2.6.jar:/home/napster/.m2/repository/ch/qos/logback/logback-classic/1.2.3/logback-classic-1.2.3.jar:/home/napster/.m2/repository/ch/qos/logback/logback-core/1.2.3/logback-core-1.2.3.jar:/home/napster/.m2/repository/com/cedarsoftware/java-util/1.34.0/java-util-1.34.0.jar:/home/napster/.m2/repository/org/apache/logging/log4j/log4j-api/2.5/log4j-api-2.5.jar:/home/napster/.m2/repository/org/apache/logging/log4j/log4j-core/2.5/log4j-core-2.5.jar:"/>
    <property name="java.vm.vendor" value="Oracle Corporation"/>
    <property name="sun.arch.data.model" value="64"/>
    <property name="java.vendor.url" value="http://java.oracle.com/"/>
    <property name="user.timezone" value=""/>
    <property name="java.vm.specification.version" value="11"/>
    <property name="os.name" value="Linux"/>
    <property name="sun.java.launcher" value="SUN_STANDARD"/>
    <property name="user.country" value="US"/>
    <property name="sun.boot.library.path" value="/home/napster/.sdkman/candidates/java/11.0.2-open/lib"/>
    <property name="sun.java.command" value="/home/napster/10/catnip/target/surefire/surefirebooter7495410330907638121.jar /home/napster/10/catnip/target/surefire 2019-02-16T22-12-41_739-jvmRun1 surefire6455219162017930526tmp surefire_06552228693831571987tmp"/>
    <property name="jdk.debug" value="release"/>
    <property name="surefire.test.class.path" value="/home/napster/10/catnip/target/test-classes:/home/napster/10/catnip/target/classes:/home/napster/.m2/repository/org/projectlombok/lombok/1.18.2/lombok-1.18.2.jar:/home/napster/.m2/repository/org/immutables/value/2.7.4/value-2.7.4.jar:/home/napster/.m2/repository/io/vertx/vertx-core/3.6.3/vertx-core-3.6.3.jar:/home/napster/.m2/repository/io/netty/netty-common/4.1.30.Final/netty-common-4.1.30.Final.jar:/home/napster/.m2/repository/io/netty/netty-buffer/4.1.30.Final/netty-buffer-4.1.30.Final.jar:/home/napster/.m2/repository/io/netty/netty-transport/4.1.30.Final/netty-transport-4.1.30.Final.jar:/home/napster/.m2/repository/io/netty/netty-handler/4.1.30.Final/netty-handler-4.1.30.Final.jar:/home/napster/.m2/repository/io/netty/netty-codec/4.1.30.Final/netty-codec-4.1.30.Final.jar:/home/napster/.m2/repository/io/netty/netty-handler-proxy/4.1.30.Final/netty-handler-proxy-4.1.30.Final.jar:/home/napster/.m2/repository/io/netty/netty-codec-socks/4.1.30.Final/netty-codec-socks-4.1.30.Final.jar:/home/napster/.m2/repository/io/netty/netty-codec-http/4.1.30.Final/netty-codec-http-4.1.30.Final.jar:/home/napster/.m2/repository/io/netty/netty-codec-http2/4.1.30.Final/netty-codec-http2-4.1.30.Final.jar:/home/napster/.m2/repository/io/netty/netty-resolver/4.1.30.Final/netty-resolver-4.1.30.Final.jar:/home/napster/.m2/repository/io/netty/netty-resolver-dns/4.1.30.Final/netty-resolver-dns-4.1.30.Final.jar:/home/napster/.m2/repository/io/netty/netty-codec-dns/4.1.30.Final/netty-codec-dns-4.1.30.Final.jar:/home/napster/.m2/repository/com/fasterxml/jackson/core/jackson-core/2.9.8/jackson-core-2.9.8.jar:/home/napster/.m2/repository/com/fasterxml/jackson/core/jackson-databind/2.9.8/jackson-databind-2.9.8.jar:/home/napster/.m2/repository/com/fasterxml/jackson/core/jackson-annotations/2.9.0/jackson-annotations-2.9.0.jar:/home/napster/.m2/repository/com/squareup/okhttp3/okhttp/3.9.1/okhttp-3.9.1.jar:/home/napster/.m2/repository/com/squareup/okio/okio/1.13.0/okio-1.13.0.jar:/home/napster/.m2/repository/org/slf4j/slf4j-api/1.7.25/slf4j-api-1.7.25.jar:/home/napster/.m2/repository/org/apache/commons/commons-lang3/3.7/commons-lang3-3.7.jar:/home/napster/.m2/repository/com/google/guava/guava/24.1-jre/guava-24.1-jre.jar:/home/napster/.m2/repository/org/checkerframework/checker-compat-qual/2.0.0/checker-compat-qual-2.0.0.jar:/home/napster/.m2/repository/com/google/errorprone/error_prone_annotations/2.1.3/error_prone_annotations-2.1.3.jar:/home/napster/.m2/repository/com/google/j2objc/j2objc-annotations/1.1/j2objc-annotations-1.1.jar:/home/napster/.m2/repository/org/codehaus/mojo/animal-sniffer-annotations/1.14/animal-sniffer-annotations-1.14.jar:/home/napster/.m2/repository/com/google/code/findbugs/jsr305/3.0.2/jsr305-3.0.2.jar:/home/napster/.m2/repository/com/koloboke/koloboke-impl-common-jdk8/1.0.0/koloboke-impl-common-jdk8-1.0.0.jar:/home/napster/.m2/repository/com/koloboke/koloboke-api-jdk8/1.0.0/koloboke-api-jdk8-1.0.0.jar:/home/napster/.m2/repository/org/junit/jupiter/junit-jupiter-api/5.2.0/junit-jupiter-api-5.2.0.jar:/home/napster/.m2/repository/org/apiguardian/apiguardian-api/1.0.0/apiguardian-api-1.0.0.jar:/home/napster/.m2/repository/org/opentest4j/opentest4j/1.1.0/opentest4j-1.1.0.jar:/home/napster/.m2/repository/org/junit/platform/junit-platform-commons/1.2.0/junit-platform-commons-1.2.0.jar:/home/napster/.m2/repository/org/junit/jupiter/junit-jupiter-engine/5.2.0/junit-jupiter-engine-5.2.0.jar:/home/napster/.m2/repository/org/junit/platform/junit-platform-engine/1.2.0/junit-platform-engine-1.2.0.jar:/home/napster/.m2/repository/org/mockito/mockito-core/2.23.4/mockito-core-2.23.4.jar:/home/napster/.m2/repository/net/bytebuddy/byte-buddy/1.9.3/byte-buddy-1.9.3.jar:/home/napster/.m2/repository/net/bytebuddy/byte-buddy-agent/1.9.3/byte-buddy-agent-1.9.3.jar:/home/napster/.m2/repository/org/objenesis/objenesis/2.6/objenesis-2.6.jar:/home/napster/.m2/repository/ch/qos/logback/logback-classic/1.2.3/logback-classic-1.2.3.jar:/home/napster/.m2/repository/ch/qos/logback/logback-core/1.2.3/logback-core-1.2.3.jar:/home/napster/.m2/repository/com/cedarsoftware/java-util/1.34.0/java-util-1.34.0.jar:/home/napster/.m2/repository/org/apache/logging/log4j/log4j-api/2.5/log4j-api-2.5.jar:/home/napster/.m2/repository/org/apache/logging/log4j/log4j-core/2.5/log4j-core-2.5.jar:"/>
    <property name="sun.cpu.endian" value="little"/>
    <property name="user.home" value="/home/napster"/>
    <property name="user.language" value="en"/>
    <property name="java.specification.vendor" value="Oracle Corporation"/>
    <property name="java.version.date" value="2019-01-15"/>
    <property name="java.home" value="/home/napster/.sdkman/candidates/java/11.0.2-open"/>
    <property name="file.separator" value="/"/>
    <property name="basedir" value="/home/napster/10/catnip"/>
    <property name="java.vm.compressedOopsMode" value="Zero based"/>
    <property name="line.separator" value="&#10;"/>
    <property name="java.specification.name" value="Java Platform API Specification"/>
    <property name="java.vm.specification.vendor" value="Oracle Corporation"/>
    <property name="java.awt.graphicsenv" value="sun.awt.X11GraphicsEnvironment"/>
    <property name="surefire.real.class.path" value="/home/napster/10/catnip/target/surefire/surefirebooter7495410330907638121.jar"/>
    <property name="sun.management.compiler" value="HotSpot 64-Bit Tiered Compilers"/>
    <property name="java.runtime.version" value="11.0.2+9"/>
    <property name="user.name" value="napster"/>
    <property name="path.separator" value=":"/>
    <property name="os.version" value="4.15.0-45-generic"/>
    <property name="java.runtime.name" value="OpenJDK Runtime Environment"/>
    <property name="file.encoding" value="UTF-8"/>
    <property name="java.vm.name" value="OpenJDK 64-Bit Server VM"/>
    <property name="java.vendor.version" value="18.9"/>
    <property name="localRepository" value="/home/napster/.m2/repository"/>
    <property name="java.vendor.url.bug" value="http://bugreport.java.com/bugreport/"/>
    <property name="java.io.tmpdir" value="/tmp"/>
    <property name="java.version" value="11.0.2"/>
    <property name="user.dir" value="/home/napster/10/catnip"/>
    <property name="os.arch" value="amd64"/>
    <property name="java.vm.specification.name" value="Java Virtual Machine Specification"/>
    <property name="java.awt.printerjob" value="sun.print.PSPrinterJob"/>
    <property name="sun.os.patch.level" value="unknown"/>
    <property name="java.library.path" value="/usr/java/packages/lib:/usr/lib64:/lib64:/lib:/usr/lib"/>
    <property name="java.vendor" value="Oracle Corporation"/>
    <property name="java.vm.info" value="mixed mode"/>
    <property name="java.vm.version" value="11.0.2+9"/>
    <property name="sun.io.unicode.encoding" value="UnicodeLittle"/>
    <property name="java.class.version" value="55.0"/>
  </properties>
  <testcase name="webhooksUpdate" classname="com.mewna.catnip.entity.CodecTest" time="1.065"/>
  <testcase name="bulkRemovedReactions" classname="com.mewna.catnip.entity.CodecTest" time="0.005"/>
  <testcase name="groupDmChannel" classname="com.mewna.catnip.entity.CodecTest" time="0.028"/>
  <testcase name="customEmoji" classname="com.mewna.catnip.entity.CodecTest" time="0.012"/>
  <testcase name="permissionOverride" classname="com.mewna.catnip.entity.CodecTest" time="0.01"/>
  <testcase name="voiceState" classname="com.mewna.catnip.entity.CodecTest" time="0.006"/>
  <testcase name="guildEmbed" classname="com.mewna.catnip.entity.CodecTest" time="0.003"/>
  <testcase name="presenceUpdate" classname="com.mewna.catnip.entity.CodecTest" time="0.032"/>
  <testcase name="typingUser" classname="com.mewna.catnip.entity.CodecTest" time="0.008"/>
  <testcase name="deletedMessage" classname="com.mewna.catnip.entity.CodecTest" time="0.004"/>
  <testcase name="guildBan" classname="com.mewna.catnip.entity.CodecTest" time="0.003"/>
  <testcase name="presence" classname="com.mewna.catnip.entity.CodecTest" time="0.005"/>
  <testcase name="applicationInfo" classname="com.mewna.catnip.entity.CodecTest" time="0.026">
    <error message="Unrecognized field &quot;name&quot; (class com.mewna.catnip.entity.impl.ApplicationInfoBuilder), not marked as ignorable (0 known properties: ])&#10; at [Source: UNKNOWN; line: -1, column: -1] (through reference chain: com.mewna.catnip.entity.impl.ApplicationInfoBuilder[&quot;name&quot;])" type="java.lang.IllegalArgumentException">java.lang.IllegalArgumentException: 
Unrecognized field "name" (class com.mewna.catnip.entity.impl.ApplicationInfoBuilder), not marked as ignorable (0 known properties: ])
 at [Source: UNKNOWN; line: -1, column: -1] (through reference chain: com.mewna.catnip.entity.impl.ApplicationInfoBuilder["name"])
	at com.mewna.catnip.entity.CodecTest.test(CodecTest.java:95)
	at com.mewna.catnip.entity.CodecTest.applicationInfo(CodecTest.java:128)
Caused by: com.fasterxml.jackson.databind.exc.UnrecognizedPropertyException: 
Unrecognized field "name" (class com.mewna.catnip.entity.impl.ApplicationInfoBuilder), not marked as ignorable (0 known properties: ])
 at [Source: UNKNOWN; line: -1, column: -1] (through reference chain: com.mewna.catnip.entity.impl.ApplicationInfoBuilder["name"])
	at com.mewna.catnip.entity.CodecTest.test(CodecTest.java:95)
	at com.mewna.catnip.entity.CodecTest.applicationInfo(CodecTest.java:128)
</error>
    <system-out><![CDATA[2019-02-16 22:12:44 [main] TRACE com.mewna.catnip.util.JsonPojoCodec - Received raw json {"name":"SAMUEL L. IPSUM bot","icon":"whatever.jpeg","description":"Well, the way they make shows is, they make one show. That show's called a pilot. Then they show that show to the people who make shows, and on the strength of that one show they decide if they're going to make more shows. Some pilots get picked and become television programs. Some don't, become nothing. She starred in one of the ones that became nothing.","rpcOrigins":["2491478879256341605","6764885925456749394"],"publicBot":true,"requiresCodeGrant":false,"owner":{"idAsLong":3507089585222141744,"username":"Kotlin4Lyfe","discriminator":"0001","avatar":"kotlin4lyfe.jpeg","bot":true},"idAsLong":7384981989917820250}
]]></system-out>
  </testcase>
  <testcase name="invite" classname="com.mewna.catnip.entity.CodecTest" time="0.005"/>
  <testcase name="member" classname="com.mewna.catnip.entity.CodecTest" time="0.013"/>
  <testcase name="voiceServerUpdate" classname="com.mewna.catnip.entity.CodecTest" time="0.003"/>
  <testcase name="gatewayInfo" classname="com.mewna.catnip.entity.CodecTest" time="0.003"/>
  <testcase name="auditLogEntry" classname="com.mewna.catnip.entity.CodecTest" time="0.015"/>
  <testcase name="memberPruneInfo" classname="com.mewna.catnip.entity.CodecTest" time="0.001"/>
  <testcase name="messageEmbedUpdate" classname="com.mewna.catnip.entity.CodecTest" time="0.041"/>
  <testcase name="overrideUpdateInfo" classname="com.mewna.catnip.entity.CodecTest" time="0.004"/>
  <testcase name="voiceRegion" classname="com.mewna.catnip.entity.CodecTest" time="0.002"/>
  <testcase name="textChannel" classname="com.mewna.catnip.entity.CodecTest" time="0.007"/>
  <testcase name="applicationOwner" classname="com.mewna.catnip.entity.CodecTest" time="0.002"/>
  <testcase name="role" classname="com.mewna.catnip.entity.CodecTest" time="0.006"/>
  <testcase name="user" classname="com.mewna.catnip.entity.CodecTest" time="0.002"/>
  <testcase name="category" classname="com.mewna.catnip.entity.CodecTest" time="0.005"/>
  <testcase name="embed" classname="com.mewna.catnip.entity.CodecTest" time="0.008"/>
  <testcase name="guild" classname="com.mewna.catnip.entity.CodecTest" time="0.025"/>
  <testcase name="ready" classname="com.mewna.catnip.entity.CodecTest" time="0.016"/>
  <testcase name="reactionUpdate" classname="com.mewna.catnip.entity.CodecTest" time="0.005"/>
  <testcase name="partialGuild" classname="com.mewna.catnip.entity.CodecTest" time="0.012"/>
  <testcase name="partialRole" classname="com.mewna.catnip.entity.CodecTest" time="0.004"/>
  <testcase name="auditLogChange" classname="com.mewna.catnip.entity.CodecTest" time="0.004"/>
  <testcase name="userDMChannel" classname="com.mewna.catnip.entity.CodecTest" time="0.004"/>
  <testcase name="voiceChannel" classname="com.mewna.catnip.entity.CodecTest" time="0.008"/>
  <testcase name="bulkDeletedMessages" classname="com.mewna.catnip.entity.CodecTest" time="0.007"/>
  <testcase name="unavailableGuild" classname="com.mewna.catnip.entity.CodecTest" time="0.003"/>
  <testcase name="message" classname="com.mewna.catnip.entity.CodecTest" time="0.033"/>
  <testcase name="messageDeleteInfo" classname="com.mewna.catnip.entity.CodecTest" time="0.006"/>
  <testcase name="resumed" classname="com.mewna.catnip.entity.CodecTest" time="0.003"/>
  <testcase name="webhook" classname="com.mewna.catnip.entity.CodecTest" time="0.009"/>
  <testcase name="partialMember" classname="com.mewna.catnip.entity.CodecTest" time="0.006"/>
  <testcase name="createdInvite" classname="com.mewna.catnip.entity.CodecTest" time="0.025"/>
  <testcase name="emojiUpdate" classname="com.mewna.catnip.entity.CodecTest" time="0.014"/>
  <testcase name="channelPinsUpdate" classname="com.mewna.catnip.entity.CodecTest" time="0.004"/>
  <testcase name="gatewayGuildBan" classname="com.mewna.catnip.entity.CodecTest" time="0.003"/>
  <testcase name="unicodeEmoji" classname="com.mewna.catnip.entity.CodecTest" time="0.005"/>
</testsuite>